2024-06-03 12:26:46.545 [info] Configuration changed
2024-06-03 12:26:47.130 [info] Configuration changed
2024-06-03 12:26:47.717 [info] Configuration changed
2024-06-03 12:35:30.915 [info] Active editor: file:///home/svhv1/bandname-generator.py
2024-06-03 12:35:51.143 [info] Active editor: file:///home/svhv1/variable.py
2024-06-03 12:35:58.972 [info] /home/svhv1/variable.py closed
2024-06-03 12:35:58.990 [info] Active editor: file:///home/svhv1/bandname-generator.py
2024-06-03 12:36:07.429 [info] Active editor: file:///home/svhv1/variable.py
2024-06-03 12:39:50.283 [warning] Ignoring slipped selection: [12, 50; 12, 50]
2024-06-03 12:40:45.560 [warning] Ignoring slipped selection: [13, 10; 13, 10]
2024-06-03 12:42:54.363 [warning] Ignoring slipped selection: [14, 3; 14, 3]
2024-06-03 12:42:56.074 [warning] Ignoring slipped selection: [14, 3; 14, 3]
2024-06-03 12:43:08.016 [warning] Ignoring slipped selection: [15, 2; 15, 2]
2024-06-03 12:43:09.741 [warning] Ignoring slipped selection: [15, 2; 15, 2]
2024-06-03 12:43:17.612 [warning] Ignoring slipped selection: [15, 2; 15, 2]
2024-06-03 12:46:51.923 [warning] Ignoring slipped selection: [11, 15; 11, 15]
2024-06-03 12:48:20.076 [warning] Ignoring slipped selection: [12, 7; 12, 7]
2024-06-03 12:49:05.492 [warning] Ignoring slipped selection: [13, 0; 13, 0]
2024-06-03 12:49:22.776 [warning] Ignoring slipped selection: [14, 8; 14, 8]
2024-06-03 12:50:04.356 [warning] Ignoring slipped selection: [14, 0; 14, 0]
2024-06-03 12:52:55.621 [warning] Ignoring slipped selection: [16, 12; 16, 12]
2024-06-03 12:53:00.785 [warning] Ignoring slipped selection: [16, 21; 16, 21]
2024-06-03 12:54:52.010 [warning] Ignoring slipped selection: [16, 11; 16, 11]
2024-06-03 13:01:30.459 [warning] Ignoring slipped selection: [19, 16; 19, 16]
2024-06-03 13:01:36.280 [warning] Ignoring slipped selection: [19, 30; 19, 30]
2024-06-03 13:01:41.001 [warning] Ignoring slipped selection: [19, 45; 19, 45]
2024-06-03 13:01:48.099 [warning] Ignoring slipped selection: [21, 9; 21, 9]
2024-06-03 13:01:56.348 [warning] Ignoring slipped selection: [21, 22; 21, 22]
2024-06-03 13:03:17.103 [warning] Ignoring slipped selection: [14, 32; 14, 32]
2024-06-03 13:03:22.946 [warning] Ignoring slipped selection: [15, 33; 15, 33]
2024-06-03 13:18:10.798 [warning] Ignoring slipped selection: [25, 0; 25, 0]
2024-06-03 13:18:26.649 [warning] Ignoring slipped selection: [26, 13; 26, 13]
2024-06-03 13:19:09.088 [warning] Ignoring slipped selection: [26, 13; 26, 13]
2024-06-03 13:19:57.289 [warning] Ignoring slipped selection: [26, 11; 26, 11]
2024-06-03 13:20:07.107 [warning] Ignoring slipped selection: [26, 18; 26, 18]
2024-06-03 13:20:52.512 [warning] Ignoring slipped selection: [20, 0; 20, 0]
2024-06-03 13:21:19.877 [warning] Ignoring slipped selection: [27, 0; 27, 0]
2024-06-03 13:21:32.020 [warning] Ignoring slipped selection: [29, 0; 29, 0]
2024-06-03 13:22:22.950 [warning] Ignoring slipped selection: [32, 0; 32, 0]
2024-06-03 13:22:37.399 [warning] Ignoring slipped selection: [31, 0; 31, 0]
2024-06-03 13:27:02.584 [info] Active editor: file:///home/svhv1/bandname-generator.py
2024-06-03 13:27:04.044 [info] Active editor: file:///home/svhv1/variable.py
2024-06-03 13:27:04.075 [warning] Ignoring slipped selection: [12, 20; 12, 20]
2024-06-03 13:31:27.553 [warning] Ignoring slipped selection: [29, 26; 29, 26]
2024-06-03 13:31:46.531 [warning] Ignoring slipped selection: [30, 26; 30, 26]
2024-06-03 13:32:02.914 [warning] Ignoring slipped selection: [32, 18; 32, 18]
2024-06-03 13:32:09.104 [warning] Ignoring slipped selection: [32, 28; 32, 28]
2024-06-03 13:32:13.116 [warning] Ignoring slipped selection: [32, 35; 32, 35]
2024-06-03 13:34:46.296 [warning] Ignoring slipped selection: [34, 6; 34, 6]
2024-06-03 13:58:30.852 [warning] Ignoring slipped selection: [27, 0; 27, 0]
2024-06-03 14:00:36.919 [warning] Ignoring slipped selection: [28, 23; 28, 23]
2024-06-03 15:37:48.225 [warning] Ignoring slipped selection: [31, 24; 31, 24]
2024-06-03 15:37:48.243 [warning] Ignoring slipped selection: [33, 31; 33, 31]
2024-06-03 15:39:08.073 [warning] Ignoring slipped selection: [33, 33; 33, 33]
2024-06-03 15:39:08.085 [warning] Ignoring slipped selection: [36, 37; 36, 37]
2024-06-03 15:39:51.113 [warning] Ignoring slipped selection: [34, 37; 34, 37]
2024-06-03 15:39:51.183 [warning] Ignoring slipped selection: [37, 0; 37, 0]
2024-06-03 15:47:14.887 [warning] Ignoring slipped selection: [39, 4; 39, 4]
2024-06-03 15:49:56.837 [warning] Ignoring slipped selection: [41, 0; 41, 0]
2024-06-03 15:50:09.210 [warning] Ignoring slipped selection: [40, 5; 40, 5]
2024-06-03 15:50:12.142 [warning] Ignoring slipped selection: [41, 4; 41, 4]
2024-06-03 15:50:29.357 [warning] Ignoring slipped selection: [41, 7; 41, 7]
2024-06-03 15:50:29.412 [warning] Ignoring slipped selection: [42, 0; 42, 0]
2024-06-03 15:51:16.992 [warning] Ignoring slipped selection: [41, 13; 41, 13]
2024-06-03 15:52:53.809 [warning] Ignoring slipped selection: [30, 28; 30, 28]
2024-06-03 15:55:00.803 [warning] Ignoring slipped selection: [42, 26; 42, 26]
2024-06-03 15:55:59.074 [warning] Ignoring slipped selection: [32, 0; 32, 0]
