2024-06-03 12:26:41.078 [info] Extension host with pid 7788 started
2024-06-03 12:26:41.657 [info] ExtensionService#_doActivateExtension vscode.emmet, startup: false, activationEvent: 'onLanguage'
2024-06-03 12:26:41.699 [info] ExtensionService#_doActivateExtension ms-python.python, startup: false, activationEvent: 'onLanguage:python', root cause: ms-python.debugpy
2024-06-03 12:26:42.819 [info] ExtensionService#_doActivateExtension ms-python.debugpy, startup: false, activationEvent: 'onLanguage:python'
2024-06-03 12:26:42.879 [info] ExtensionService#_doActivateExtension ms-python.vscode-pylance, startup: false, activationEvent: 'onLanguage:python'
2024-06-03 12:26:43.900 [info] ExtensionService#_doActivateExtension vscode.git-base, startup: true, activationEvent: '*', root cause: vscode.git
2024-06-03 12:26:44.167 [info] ExtensionService#_doActivateExtension vscode.git, startup: true, activationEvent: '*'
2024-06-03 12:26:44.286 [info] ExtensionService#_doActivateExtension vscode.github, startup: true, activationEvent: '*'
2024-06-03 12:26:44.482 [info] Eager extensions activated
2024-06-03 12:26:45.091 [info] ExtensionService#_doActivateExtension vscode.debug-auto-launch, startup: false, activationEvent: 'onStartupFinished'
2024-06-03 12:26:45.094 [info] ExtensionService#_doActivateExtension vscode.merge-conflict, startup: false, activationEvent: 'onStartupFinished'
2024-06-03 12:26:45.111 [info] ExtensionService#_doActivateExtension ms-vscode-remote.remote-containers, startup: false, activationEvent: 'onStartupFinished'
2024-06-03 12:26:45.274 [info] ExtensionService#_doActivateExtension vscodevim.vim, startup: false, activationEvent: 'onStartupFinished'
2024-06-03 12:26:46.691 [error] Error: ENOENT: no such file or directory, open '/home/svhv1/.config/Code/User/globalStorage/vscodevim.vim/.registers'
2024-06-03 12:41:07.095 [info] ExtensionService#_doActivateExtension vscode.npm, startup: false, activationEvent: 'onTerminalQuickFixRequest:ms-vscode.npm-command'
2024-06-03 15:54:57.683 [info] ExtensionService#_doActivateExtension rogalmic.bash-debug, startup: false, activationEvent: 'onDebug'
2024-06-03 15:55:01.001 [info] ExtensionService#_doActivateExtension vscode.debug-server-ready, startup: false, activationEvent: 'onDebugResolve'
2024-06-03 15:55:59.897 [info] Extension host terminating: renderer closed the MessagePort
2024-06-03 15:56:00.213 [error] Error: ENOENT: no such file or directory, open '/home/svhv1/.config/Code/User/globalStorage/vscodevim.vim/.registers'
2024-06-03 15:56:00.307 [info] Extension host with pid 7788 exiting with code 0
