2024-06-30 17:32:32.633 [info] Added views:workbench.panel.markers.view in workbench.panel.markers
2024-06-30 17:32:32.633 [info] Added views:workbench.panel.output in workbench.panel.output
2024-06-30 17:32:32.633 [info] Added views:terminal in terminal
2024-06-30 17:32:32.633 [info] Added views:outline in workbench.view.explorer
2024-06-30 17:32:32.633 [info] Added views:workbench.scm in workbench.view.scm
2024-06-30 17:32:32.633 [info] Added views:workbench.view.search in workbench.view.search
2024-06-30 17:32:32.633 [info] Added views:timeline in workbench.view.explorer
2024-06-30 17:32:32.638 [info] Added views:workbench.explorer.emptyView in workbench.view.explorer
2024-06-30 17:32:33.200 [info] Added views:dockerContainers,dockerImages,dockerRegistries,dockerNetworks,dockerVolumes,vscode-docker.views.dockerContexts,vscode-docker.views.help in workbench.view.extension.dockerView
2024-06-30 17:32:33.204 [info] Added views:targetsContainers,devVolumes in workbench.view.remote
2024-06-30 17:32:33.829 [info] Added views:workbench.debug.welcome in workbench.view.debug
2024-06-30 17:32:34.887 [info] Added views:workbench.panel.repl.view in workbench.panel.repl
2024-06-30 17:32:35.548 [info] Added views:workbench.view.testing in workbench.view.extension.test
2024-06-30 17:32:41.753 [info] Added views:~remote.forwardedPorts in ~remote.forwardedPortsContainer
2024-06-30 17:40:55.138 [info] Added views:workbench.views.extensions.installed,workbench.views.extensions.popular,extensions.recommendedList in workbench.view.extensions
2024-06-30 17:40:55.141 [info] Removed views:workbench.views.extensions.popular from workbench.view.extensions
2024-06-30 17:40:58.559 [info] Removed views:extensions.recommendedList,workbench.views.extensions.installed from workbench.view.extensions
2024-06-30 17:40:58.571 [info] Added views:workbench.views.extensions.marketplace in workbench.view.extensions
2024-06-30 17:48:57.657 [info] Added views:workbench.debug.breakPointsView in workbench.view.debug
2024-06-30 18:09:03.432 [info] Removed views:workbench.view.testing from workbench.view.extension.test
