2024-06-03 11:58:52.897 [info] Log level: Info
2024-06-03 11:58:52.897 [info] Validating found git in: "git"
2024-06-03 11:58:52.897 [info] Using git "2.43.0" from "git"
2024-06-03 11:58:52.897 [info] > git rev-parse --show-toplevel [14ms]
2024-06-03 11:58:52.897 [info] fatal: not a git repository (or any of the parent directories): .git
2024-06-03 11:59:50.506 [info] > git rev-parse --show-toplevel [38ms]
2024-06-03 11:59:50.506 [info] fatal: not a git repository (or any of the parent directories): .git
2024-06-03 12:04:39.617 [info] > git rev-parse --show-toplevel [18ms]
2024-06-03 12:04:39.617 [info] fatal: not a git repository (or any of the parent directories): .git
2024-06-03 12:08:03.431 [info] > git rev-parse --show-toplevel [16ms]
2024-06-03 12:08:03.431 [info] fatal: not a git repository (or any of the parent directories): .git
2024-06-03 12:08:26.735 [info] Log level: Info
2024-06-03 12:08:26.735 [info] Validating found git in: "git"
2024-06-03 12:08:26.735 [info] Using git "2.43.0" from "git"
2024-06-03 12:08:26.735 [info] > git rev-parse --show-toplevel [9ms]
2024-06-03 12:08:26.735 [info] fatal: not a git repository (or any of the parent directories): .git
2024-06-03 12:08:26.775 [info] > git rev-parse --show-toplevel [7ms]
2024-06-03 12:08:26.775 [info] fatal: not a git repository (or any of the parent directories): .git
2024-06-03 12:08:26.807 [info] > git rev-parse --show-toplevel [12ms]
2024-06-03 12:08:26.807 [info] fatal: not a git repository (or any of the parent directories): .git
2024-06-03 12:08:26.829 [info] > git rev-parse --show-toplevel [8ms]
2024-06-03 12:08:26.829 [info] fatal: not a git repository (or any of the parent directories): .git
2024-06-03 12:08:26.856 [info] > git rev-parse --show-toplevel [10ms]
2024-06-03 12:08:26.856 [info] fatal: not a git repository (or any of the parent directories): .git
2024-06-03 12:08:27.330 [info] > git rev-parse --show-toplevel [445ms]
2024-06-03 12:08:27.330 [info] fatal: not a git repository (or any of the parent directories): .git
2024-06-03 12:08:27.559 [info] > git rev-parse --show-toplevel [101ms]
2024-06-03 12:08:27.559 [info] fatal: not a git repository (or any of the parent directories): .git
2024-06-03 12:08:27.615 [info] > git rev-parse --show-toplevel [17ms]
2024-06-03 12:08:27.615 [info] fatal: not a git repository (or any of the parent directories): .git
2024-06-03 12:08:27.672 [info] > git rev-parse --show-toplevel [10ms]
2024-06-03 12:08:27.672 [info] fatal: not a git repository (or any of the parent directories): .git
2024-06-03 12:08:27.862 [info] > git rev-parse --show-toplevel [6ms]
2024-06-03 12:08:27.862 [info] fatal: not a git repository (or any of the parent directories): .git
2024-06-03 12:08:27.909 [info] > git rev-parse --show-toplevel [5ms]
2024-06-03 12:08:27.910 [info] fatal: not a git repository (or any of the parent directories): .git
2024-06-03 12:08:28.015 [info] > git rev-parse --show-toplevel [19ms]
2024-06-03 12:08:28.015 [info] fatal: not a git repository (or any of the parent directories): .git
2024-06-03 12:08:28.054 [info] > git rev-parse --show-toplevel [17ms]
2024-06-03 12:08:28.054 [info] fatal: not a git repository (or any of the parent directories): .git
2024-06-03 12:08:28.156 [info] > git rev-parse --show-toplevel [56ms]
2024-06-03 12:08:28.156 [info] fatal: not a git repository (or any of the parent directories): .git
2024-06-03 12:08:28.192 [info] > git rev-parse --show-toplevel [3ms]
2024-06-03 12:08:28.192 [info] fatal: not a git repository (or any of the parent directories): .git
2024-06-03 12:08:28.226 [info] > git rev-parse --show-toplevel [10ms]
2024-06-03 12:08:28.226 [info] fatal: not a git repository (or any of the parent directories): .git
2024-06-03 12:08:28.277 [info] > git rev-parse --show-toplevel [8ms]
2024-06-03 12:08:28.277 [info] fatal: not a git repository (or any of the parent directories): .git
2024-06-03 12:08:28.303 [info] > git rev-parse --show-toplevel [7ms]
2024-06-03 12:08:28.303 [info] fatal: not a git repository (or any of the parent directories): .git
2024-06-03 12:08:28.335 [info] > git rev-parse --show-toplevel [8ms]
2024-06-03 12:08:28.366 [info] > git rev-parse --git-dir --git-common-dir [9ms]
2024-06-03 12:08:28.428 [info] Open repository: /home/svhv1/jokello4266
2024-06-03 12:08:28.507 [info] > git config --get commit.template [36ms]
2024-06-03 12:08:28.511 [info] > git rev-parse --show-toplevel [10ms]
2024-06-03 12:08:28.511 [info] fatal: not a git repository (or any of the parent directories): .git
2024-06-03 12:08:28.580 [info] > git for-each-ref --format=%(refname)%00%(upstream:short)%00%(objectname)%00%(upstream:track)%00%(upstream:remotename)%00%(upstream:remoteref) refs/heads/main refs/remotes/main [34ms]
2024-06-03 12:08:28.580 [warning] No such branch: main.
2024-06-03 12:08:28.626 [info] > git status -z -uall [23ms]
2024-06-03 12:08:28.663 [info] > git rev-parse --show-toplevel [94ms]
2024-06-03 12:08:28.663 [info] fatal: not a git repository (or any of the parent directories): .git
2024-06-03 12:08:28.692 [info] > git config --get commit.template [4ms]
2024-06-03 12:08:28.723 [info] > git for-each-ref --format=%(refname)%00%(upstream:short)%00%(objectname)%00%(upstream:track)%00%(upstream:remotename)%00%(upstream:remoteref) refs/heads/main refs/remotes/main [7ms]
2024-06-03 12:08:28.723 [warning] No such branch: main.
2024-06-03 12:08:28.752 [info] > git status -z -uall [10ms]
2024-06-03 12:08:48.805 [info] > git check-ignore -v -z --stdin [13ms]
2024-06-03 12:08:50.691 [info] > git check-ignore -v -z --stdin [5ms]
2024-06-03 12:09:05.553 [info] > git rev-parse --show-toplevel [19ms]
2024-06-03 12:09:05.553 [info] fatal: not a git repository (or any of the parent directories): .git
2024-06-03 12:09:07.717 [info] > git rev-parse --show-toplevel [14ms]
2024-06-03 12:09:07.717 [info] fatal: not a git repository (or any of the parent directories): .git
2024-06-03 12:09:08.344 [info] > git rev-parse --show-toplevel [3ms]
2024-06-03 12:09:08.347 [info] fatal: not a git repository (or any of the parent directories): .git
2024-06-03 12:09:11.331 [info] > git rev-parse --show-toplevel [14ms]
2024-06-03 12:09:11.331 [info] fatal: not a git repository (or any of the parent directories): .git
2024-06-03 12:11:11.959 [info] > git rev-parse --show-toplevel [4ms]
2024-06-03 12:11:11.960 [info] fatal: not a git repository (or any of the parent directories): .git
2024-06-03 12:18:01.766 [info] > git rev-parse --show-toplevel [10ms]
2024-06-03 12:18:01.769 [info] fatal: not a git repository (or any of the parent directories): .git
2024-06-03 12:18:33.014 [info] > git rev-parse --show-toplevel [33ms]
2024-06-03 12:18:33.014 [info] fatal: not a git repository (or any of the parent directories): .git
