2024-06-03 11:58:54.271 [info] (Client) Pylance async client (2024.5.1) started with python extension (2024.6.0)
2024-06-03 11:58:56.215 [info] [Info  - 11:58:56 AM] (3119) Pylance language server 2024.5.1 (pyright version 1.1.360, commit 4bc8428d) starting
2024-06-03 11:58:56.216 [info] [Info  - 11:58:56 AM] (3119) Server root directory: file:///home/svhv1/.vscode/extensions/ms-python.vscode-pylance-2024.5.1/dist
2024-06-03 11:58:56.216 [info] [Info  - 11:58:56 AM] (3119) Auto-Indent enabled
2024-06-03 11:58:56.253 [info] [Info  - 11:58:56 AM] (3119) Starting service instance "<default>"
2024-06-03 11:58:56.336 [info] [Info  - 11:58:56 AM] (3119) Setting pythonPath for service "<default>": "/bin/python3"
2024-06-03 11:58:56.336 [info] [Info  - 11:58:56 AM] (3119) Setting environmentName for service "<default>": "3.12.3 (global)"
2024-06-03 11:58:56.390 [info] [Info  - 11:58:56 AM] (3119) Assuming Python version 3.12.3.final.0
2024-06-03 11:58:56.940 [info] [Info  - 11:58:56 AM] (3119) No source files found.
2024-06-03 11:58:57.000 [info] [Info  - 11:58:57 AM] (3119) Setting pythonPath for service "<default>": "/bin/python3"
2024-06-03 11:58:57.000 [info] [Info  - 11:58:57 AM] (3119) Setting environmentName for service "<default>": "3.12.3 (global)"
2024-06-03 11:58:57.048 [info] [Info  - 11:58:57 AM] (3119) Assuming Python version 3.12.3.final.0
2024-06-03 11:58:57.352 [info] [Info  - 11:58:57 AM] (3119) No source files found.
2024-06-03 11:58:57.745 [info] [Info  - 11:58:57 AM] (3119) Background analysis(1) root directory: file:///home/svhv1/.vscode/extensions/ms-python.vscode-pylance-2024.5.1/dist
2024-06-03 11:58:57.745 [info] [Info  - 11:58:57 AM] (3119) Background analysis(1) started
2024-06-03 12:08:45.560 [info] (Client) Pylance async client (2024.5.1) started with python extension (2024.6.0)
2024-06-03 12:08:46.255 [info] [Info  - 12:08:46 PM] (4888) Pylance language server 2024.5.1 (pyright version 1.1.360, commit 4bc8428d) starting
2024-06-03 12:08:46.256 [info] [Info  - 12:08:46 PM] (4888) Server root directory: file:///home/svhv1/.vscode/extensions/ms-python.vscode-pylance-2024.5.1/dist
2024-06-03 12:08:46.258 [info] [Info  - 12:08:46 PM] (4888) Starting service instance "svhv1"
2024-06-03 12:08:46.270 [info] [Info  - 12:08:46 PM] (4888) Auto-Indent enabled
2024-06-03 12:08:46.365 [info] [Info  - 12:08:46 PM] (4888) Setting pythonPath for service "svhv1": "/bin/python3"
2024-06-03 12:08:46.365 [info] [Info  - 12:08:46 PM] (4888) Setting environmentName for service "svhv1": "3.12.3 (global)"
2024-06-03 12:08:46.416 [info] [Info  - 12:08:46 PM] (4888) Assuming Python version 3.12.3.final.0
2024-06-03 12:08:47.148 [info] [Info  - 12:08:47 PM] (4888) Found 7 source files
2024-06-03 12:08:47.763 [info] [Info  - 12:08:47 PM] (4888) Background analysis(1) root directory: file:///home/svhv1/.vscode/extensions/ms-python.vscode-pylance-2024.5.1/dist
2024-06-03 12:08:47.774 [info] [Info  - 12:08:47 PM] (4888) Background analysis(1) started
2024-06-03 12:09:09.114 [info] [Info  - 12:09:09 PM] (4888) Indexer background runner(2) root directory: file:///home/svhv1/.vscode/extensions/ms-python.vscode-pylance-2024.5.1/dist (index)
2024-06-03 12:09:09.122 [info] [Info  - 12:09:09 PM] (4888) Indexing(2) started
2024-06-03 12:09:09.986 [info] [Info  - 12:09:09 PM] (4888) scanned(2) 84 files over 1 exec env
2024-06-03 12:09:12.634 [info] [Info  - 12:09:12 PM] (4888) [IDX(2)] Long operation: index execution environment file:///home/svhv1 (2163ms)
2024-06-03 12:09:12.652 [info] [Info  - 12:09:12 PM] (4888) [IDX(2)] Long operation: index packages file:///home/svhv1 (2285ms)
2024-06-03 12:09:12.652 [info] [Info  - 12:09:12 PM] (4888) indexed(2) 47 files over 1 exec env
2024-06-03 12:09:12.700 [info] [Info  - 12:09:12 PM] (4888) Indexing finished(2).
2024-06-03 12:11:22.566 [info] [Info  - 12:11:22 PM] (4888) Setting pythonPath for service "svhv1": "/home/svhv1/.venv/bin/python"
2024-06-03 12:11:22.570 [info] [Info  - 12:11:22 PM] (4888) Setting environmentName for service "svhv1": "3.12.3 (.venv venv)"
2024-06-03 12:11:22.705 [info] [Info  - 12:11:22 PM] (4888) Assuming Python version 3.12.3.final.0
2024-06-03 12:11:23.378 [info] [Info  - 12:11:23 PM] (4888) Found 7 source files
2024-06-03 12:11:24.443 [info] [Info  - 12:11:24 PM] (4888) Indexer background runner(3) root directory: file:///home/svhv1/.vscode/extensions/ms-python.vscode-pylance-2024.5.1/dist (index)
2024-06-03 12:11:24.443 [info] [Info  - 12:11:24 PM] (4888) Indexing(3) started
2024-06-03 12:11:24.942 [info] [Info  - 12:11:24 PM] (4888) scanned(3) 27 files over 1 exec env
2024-06-03 12:11:25.715 [info] [Info  - 12:11:25 PM] (4888) indexed(3) 19 files over 1 exec env
2024-06-03 12:11:25.738 [info] [Info  - 12:11:25 PM] (4888) Indexing finished(3).
2024-06-03 12:18:33.161 [info] [Info  - 12:18:33 PM] (4888) Setting pythonPath for service "svhv1": "/home/svhv1/.venv/bin/python"
2024-06-03 12:18:33.162 [info] [Info  - 12:18:33 PM] (4888) Setting environmentName for service "svhv1": "3.12.3 (.venv venv)"
2024-06-03 12:18:33.281 [info] [Info  - 12:18:33 PM] (4888) Assuming Python version 3.12.3.final.0
2024-06-03 12:18:33.565 [info] [Info  - 12:18:33 PM] (4888) Found 7 source files
2024-06-03 12:18:34.926 [info] [Info  - 12:18:34 PM] (4888) Indexer background runner(4) root directory: file:///home/svhv1/.vscode/extensions/ms-python.vscode-pylance-2024.5.1/dist (index)
2024-06-03 12:18:34.926 [info] [Info  - 12:18:34 PM] (4888) Indexing(4) started
2024-06-03 12:18:35.269 [info] [Info  - 12:18:35 PM] (4888) scanned(4) 27 files over 1 exec env
2024-06-03 12:18:35.561 [info] [Info  - 12:18:35 PM] (4888) indexed(4) 19 files over 1 exec env
2024-06-03 12:18:35.579 [info] [Info  - 12:18:35 PM] (4888) Indexing finished(4).
