2024-06-30 17:32:34.258 [info] Extension host with pid 3502 started
2024-06-30 17:32:34.460 [info] ExtensionService#_doActivateExtension ms-python.python, startup: false, activationEvent: 'onLanguage:python', root cause: ms-python.debugpy
2024-06-30 17:32:34.946 [info] ExtensionService#_doActivateExtension vscode.emmet, startup: false, activationEvent: 'onLanguage'
2024-06-30 17:32:35.716 [info] ExtensionService#_doActivateExtension ms-python.debugpy, startup: false, activationEvent: 'onLanguage:python'
2024-06-30 17:32:35.848 [info] ExtensionService#_doActivateExtension ms-python.vscode-pylance, startup: false, activationEvent: 'onLanguage:python'
2024-06-30 17:32:37.207 [info] ExtensionService#_doActivateExtension vscode.git-base, startup: true, activationEvent: '*', root cause: vscode.git
2024-06-30 17:32:38.550 [info] ExtensionService#_doActivateExtension vscode.git, startup: true, activationEvent: '*'
2024-06-30 17:32:38.648 [info] ExtensionService#_doActivateExtension vscode.github, startup: true, activationEvent: '*'
2024-06-30 17:32:39.151 [info] Eager extensions activated
2024-06-30 17:32:39.600 [info] ExtensionService#_doActivateExtension vscode.debug-auto-launch, startup: false, activationEvent: 'onStartupFinished'
2024-06-30 17:32:39.607 [info] ExtensionService#_doActivateExtension vscode.merge-conflict, startup: false, activationEvent: 'onStartupFinished'
2024-06-30 17:32:39.645 [info] ExtensionService#_doActivateExtension ms-vscode-remote.remote-containers, startup: false, activationEvent: 'onStartupFinished'
2024-06-30 17:32:39.852 [info] ExtensionService#_doActivateExtension vscodevim.vim, startup: false, activationEvent: 'onStartupFinished'
2024-06-30 17:32:41.376 [error] Error: ENOENT: no such file or directory, open '/home/svhv1/.config/Code/User/globalStorage/vscodevim.vim/.registers'
2024-06-30 17:43:26.507 [info] ExtensionService#_doActivateExtension ms-vscode.powershell, startup: false, activationEvent: 'onLanguage:powershell'
2024-06-30 17:48:57.661 [info] ExtensionService#_doActivateExtension rogalmic.bash-debug, startup: false, activationEvent: 'onDebug'
2024-06-30 17:48:57.880 [info] ExtensionService#_doActivateExtension vscode.debug-server-ready, startup: false, activationEvent: 'onDebugResolve'
2024-06-30 18:09:03.426 [info] Extension host terminating: renderer closed the MessagePort
2024-06-30 18:09:03.499 [error] Error: ENOENT: no such file or directory, open '/home/svhv1/.config/Code/User/globalStorage/vscodevim.vim/.registers'
2024-06-30 18:09:03.507 [info] Extension host with pid 3502 exiting with code 0
