2024-06-30 18:10:10.442 [info] Configuration changed
2024-06-30 18:10:11.327 [info] Configuration changed
2024-06-30 18:10:19.704 [info] Active editor: file:///home/svhv1/test.ps1
2024-06-30 18:10:20.032 [info] tasks closed
2024-06-30 18:15:23.602 [info] extension-output-ms-vscode.powershell-#1-PowerShell Extension Logs closed
2024-06-30 18:16:20.893 [info] /home/svhv1/test.ps1 closed
2024-06-30 18:16:20.910 [info] Active editor: file:///home/svhv1/get_system_info.ps1
2024-06-30 18:21:07.377 [info] Active editor: output:extension-output-ms-vscode.powershell-%231-PowerShell%20Extension%20Logs
2024-06-30 18:21:11.447 [info] Active editor: file:///home/svhv1/get_system_info.ps1
2024-06-30 18:21:11.846 [info] /home/svhv1/.config/Code/User/settings.json closed
2024-06-30 18:21:11.884 [info] Configuration changed
2024-06-30 18:21:17.710 [info] extension-output-ms-vscode.powershell-#1-PowerShell Extension Logs closed
2024-06-30 18:24:18.960 [info] Configuration changed
2024-06-30 18:25:33.165 [info] Active editor: output:vscode.git.Git
2024-06-30 18:27:05.479 [info] Active editor: file:///home/svhv1/get_system_info.ps1
2024-06-30 18:27:07.831 [info] Active editor: file:///home/svhv1/basic_python.py
2024-06-30 18:27:07.900 [info] /home/svhv1/get_system_info.ps1.git closed
2024-06-30 18:27:11.847 [info] Active editor: file:///home/svhv1/get_system_info.ps1
2024-06-30 18:27:11.882 [info] /home/svhv1/basic_python.py.git closed
2024-06-30 18:27:27.901 [info] vscode.git.Git closed
2024-06-30 18:28:08.883 [info] /home/svhv1/.config/Code/User/settings.json closed
2024-06-30 18:28:08.946 [info] Configuration changed
2024-06-30 18:28:25.223 [info] /home/svhv1/.config/Code/User/settings.json closed
2024-06-30 18:28:53.449 [info] Active editor: output:vscode.git.Git
2024-06-30 18:29:13.649 [info] /home/svhv1/.config/Code/User/settings.json closed
2024-06-30 18:29:13.649 [info] Active editor: file:///home/svhv1/get_system_info.ps1
2024-06-30 18:29:13.709 [info] Configuration changed
2024-06-30 18:30:35.842 [info] Active editor: output:vscode.git.Git
