2024-06-03 11:58:47.191 [info] Added views:workbench.panel.markers.view in workbench.panel.markers
2024-06-03 11:58:47.191 [info] Added views:workbench.panel.output in workbench.panel.output
2024-06-03 11:58:47.191 [info] Added views:terminal in terminal
2024-06-03 11:58:47.191 [info] Added views:outline in workbench.view.explorer
2024-06-03 11:58:47.191 [info] Added views:workbench.scm in workbench.view.scm
2024-06-03 11:58:47.191 [info] Added views:workbench.view.search in workbench.view.search
2024-06-03 11:58:47.191 [info] Added views:timeline in workbench.view.explorer
2024-06-03 11:58:47.191 [info] Added views:workbench.explorer.emptyView in workbench.view.explorer
2024-06-03 11:58:48.159 [info] Added views:dockerContainers,dockerImages,dockerRegistries,dockerNetworks,dockerVolumes,vscode-docker.views.dockerContexts,vscode-docker.views.help in workbench.view.extension.dockerView
2024-06-03 11:58:48.164 [info] Added views:targetsContainers,devVolumes in workbench.view.remote
2024-06-03 11:58:48.332 [info] Added views:workbench.debug.welcome in workbench.view.debug
2024-06-03 11:58:49.664 [info] Added views:workbench.panel.repl.view in workbench.panel.repl
2024-06-03 11:58:50.428 [info] Added views:workbench.view.testing in workbench.view.extension.test
2024-06-03 11:58:55.293 [info] Added views:~remote.forwardedPorts in ~remote.forwardedPortsContainer
2024-06-03 12:08:22.910 [info] Removed views:workbench.view.testing from workbench.view.extension.test
2024-06-03 12:08:24.170 [info] Added views:workbench.panel.markers.view in workbench.panel.markers
2024-06-03 12:08:24.170 [info] Added views:workbench.panel.output in workbench.panel.output
2024-06-03 12:08:24.170 [info] Added views:terminal in terminal
2024-06-03 12:08:24.170 [info] Added views:outline in workbench.view.explorer
2024-06-03 12:08:24.170 [info] Added views:workbench.scm in workbench.view.scm
2024-06-03 12:08:24.170 [info] Added views:workbench.view.search in workbench.view.search
2024-06-03 12:08:24.170 [info] Added views:timeline in workbench.view.explorer
2024-06-03 12:08:24.170 [info] Added views:workbench.explorer.fileView in workbench.view.explorer
2024-06-03 12:08:25.225 [info] Added views:dockerContainers,dockerImages,dockerRegistries,dockerNetworks,dockerVolumes,vscode-docker.views.dockerContexts,vscode-docker.views.help in workbench.view.extension.dockerView
2024-06-03 12:08:25.226 [info] Added views:targetsContainers,devVolumes in workbench.view.remote
2024-06-03 12:08:26.035 [info] Added views:workbench.debug.variablesView,workbench.debug.watchExpressionsView,workbench.debug.callStackView,workbench.debug.breakPointsView in workbench.view.debug
2024-06-03 12:08:26.191 [info] Added views:workbench.panel.repl.view in workbench.panel.repl
2024-06-03 12:08:26.191 [info] Removed views:workbench.debug.breakPointsView,workbench.debug.callStackView,workbench.debug.watchExpressionsView,workbench.debug.variablesView from workbench.view.debug
2024-06-03 12:08:26.200 [info] Added views:workbench.debug.welcome in workbench.view.debug
2024-06-03 12:08:27.403 [info] Added views:~remote.forwardedPorts in ~remote.forwardedPortsContainer
2024-06-03 12:08:44.275 [info] Added views:workbench.view.testing in workbench.view.extension.test
2024-06-03 12:26:22.652 [info] Removed views:workbench.view.testing from workbench.view.extension.test
