2024-06-30 17:32:40.223 [info] (Client) Pylance async client (2024.5.1) started with python extension (2024.6.0)
2024-06-30 17:32:43.101 [info] [Info  - 5:32:43 PM] (3606) Pylance language server 2024.5.1 (pyright version 1.1.360, commit 4bc8428d) starting
2024-06-30 17:32:43.135 [info] [Info  - 5:32:43 PM] (3606) Server root directory: file:///home/svhv1/.vscode/extensions/ms-python.vscode-pylance-2024.5.1/dist
2024-06-30 17:32:43.137 [info] [Info  - 5:32:43 PM] (3606) Auto-Indent enabled
2024-06-30 17:32:43.257 [info] [Info  - 5:32:43 PM] (3606) Starting service instance "<default>"
2024-06-30 17:32:43.399 [info] [Info  - 5:32:43 PM] (3606) Setting pythonPath for service "<default>": "/bin/python3"
2024-06-30 17:32:43.401 [info] [Info  - 5:32:43 PM] (3606) Setting environmentName for service "<default>": "3.12.3 (global)"
2024-06-30 17:32:43.522 [info] [Info  - 5:32:43 PM] (3606) Assuming Python version 3.12.3.final.0
2024-06-30 17:32:44.478 [info] [Info  - 5:32:44 PM] (3606) No source files found.
2024-06-30 17:32:44.619 [info] [Info  - 5:32:44 PM] (3606) Setting pythonPath for service "<default>": "/bin/python3"
2024-06-30 17:32:44.621 [info] [Info  - 5:32:44 PM] (3606) Setting environmentName for service "<default>": "3.12.3 (global)"
2024-06-30 17:32:44.742 [info] [Info  - 5:32:44 PM] (3606) Assuming Python version 3.12.3.final.0
2024-06-30 17:32:45.580 [info] [Info  - 5:32:45 PM] (3606) No source files found.
2024-06-30 17:32:46.559 [info] [Info  - 5:32:46 PM] (3606) Background analysis(1) root directory: file:///home/svhv1/.vscode/extensions/ms-python.vscode-pylance-2024.5.1/dist
2024-06-30 17:32:46.560 [info] [Info  - 5:32:46 PM] (3606) Background analysis(1) started
2024-06-30 17:42:53.202 [info] [Info  - 5:42:53 PM] Server process exited successfully
2024-06-30 17:42:53.793 [info] (Client) Pylance async client (2024.5.1) started with python extension (2024.6.0)
2024-06-30 17:42:54.371 [info] [Info  - 5:42:54 PM] (5117) Pylance language server 2024.5.1 (pyright version 1.1.360, commit 4bc8428d) starting
2024-06-30 17:42:54.371 [info] [Info  - 5:42:54 PM] (5117) Server root directory: file:///home/svhv1/.vscode/extensions/ms-python.vscode-pylance-2024.5.1/dist
2024-06-30 17:42:54.381 [info] [Info  - 5:42:54 PM] (5117) Auto-Indent enabled
2024-06-30 17:42:54.413 [info] [Info  - 5:42:54 PM] (5117) Starting service instance "<default>"
2024-06-30 17:42:54.517 [info] [Info  - 5:42:54 PM] (5117) Setting pythonPath for service "<default>": "/bin/python3"
2024-06-30 17:42:54.524 [info] [Info  - 5:42:54 PM] (5117) Setting environmentName for service "<default>": "3.12.3 (global)"
2024-06-30 17:42:54.587 [info] [Info  - 5:42:54 PM] (5117) Assuming Python version 3.12.3.final.0
2024-06-30 17:42:54.949 [info] [Info  - 5:42:54 PM] (5117) No source files found.
2024-06-30 17:42:55.016 [info] [Info  - 5:42:55 PM] (5117) Setting pythonPath for service "<default>": "/bin/python3"
2024-06-30 17:42:55.018 [info] [Info  - 5:42:55 PM] (5117) Setting environmentName for service "<default>": "3.12.3 (global)"
2024-06-30 17:42:55.087 [info] [Info  - 5:42:55 PM] (5117) Assuming Python version 3.12.3.final.0
2024-06-30 17:42:55.514 [info] [Info  - 5:42:55 PM] (5117) No source files found.
2024-06-30 17:42:55.706 [info] [Info  - 5:42:55 PM] (5117) Background analysis(1) root directory: file:///home/svhv1/.vscode/extensions/ms-python.vscode-pylance-2024.5.1/dist
2024-06-30 17:42:55.707 [info] [Info  - 5:42:55 PM] (5117) Background analysis(1) started
2024-06-30 17:51:26.155 [info] [Info  - 5:51:26 PM] Server process exited successfully
2024-06-30 17:51:26.672 [info] (Client) Pylance async client (2024.5.1) started with python extension (2024.6.0)
2024-06-30 17:51:27.514 [info] [Info  - 5:51:27 PM] (6314) Pylance language server 2024.5.1 (pyright version 1.1.360, commit 4bc8428d) starting
2024-06-30 17:51:27.514 [info] [Info  - 5:51:27 PM] (6314) Server root directory: file:///home/svhv1/.vscode/extensions/ms-python.vscode-pylance-2024.5.1/dist
2024-06-30 17:51:27.522 [info] [Info  - 5:51:27 PM] (6314) Auto-Indent enabled
2024-06-30 17:51:27.549 [info] [Info  - 5:51:27 PM] (6314) Starting service instance "<default>"
2024-06-30 17:51:27.631 [info] [Info  - 5:51:27 PM] (6314) Setting pythonPath for service "<default>": "/bin/python3"
2024-06-30 17:51:27.639 [info] [Info  - 5:51:27 PM] (6314) Setting environmentName for service "<default>": "3.12.3 (global)"
2024-06-30 17:51:27.726 [info] [Info  - 5:51:27 PM] (6314) Assuming Python version 3.12.3.final.0
2024-06-30 17:51:28.133 [info] [Info  - 5:51:28 PM] (6314) No source files found.
2024-06-30 17:51:28.261 [info] [Info  - 5:51:28 PM] (6314) Setting pythonPath for service "<default>": "/bin/python3"
2024-06-30 17:51:28.261 [info] [Info  - 5:51:28 PM] (6314) Setting environmentName for service "<default>": "3.12.3 (global)"
2024-06-30 17:51:28.327 [info] [Info  - 5:51:28 PM] (6314) Assuming Python version 3.12.3.final.0
2024-06-30 17:51:28.827 [info] [Info  - 5:51:28 PM] (6314) No source files found.
2024-06-30 17:51:29.173 [info] [Info  - 5:51:29 PM] (6314) Background analysis(1) root directory: file:///home/svhv1/.vscode/extensions/ms-python.vscode-pylance-2024.5.1/dist
2024-06-30 17:51:29.177 [info] [Info  - 5:51:29 PM] (6314) Background analysis(1) started
